#
# A fatal error has been detected by the Java Runtime Environment:
#
#  SIGSEGV (0xb) at pc=0x00007f878e61c7b6, pid=3682, tid=3684
#
# JRE version: OpenJDK Runtime Environment (14.0.2+12) (build 14.0.2+12)
# Java VM: OpenJDK 64-Bit Server VM (14.0.2+12, mixed mode, tiered, compressed oops, g1 gc, linux-amd64)
# Problematic frame:
# C  [libc.so.6+0x8a7b6]
[timeout occurred during error reporting in step "printing problematic frame"] after 30 s.
# Core dump will be written. Default location: Core dumps may be processed with "/usr/lib/systemd/systemd-coredump %P %u %g %s %t %c %h" (or dumping to /mnt/hdd/evilian/core/assets/core.3682)
#
# If you would like to submit a bug report, please visit:
#   https://bugreport.java.com/bugreport/crash.jsp
# The crash happened outside the Java Virtual Machine in native code.
# See problematic frame for where to report the bug.
#

---------------  S U M M A R Y ------------

Command Line: -Dfile.encoding=UTF-8 -Duser.country=IT -Duser.language=it -Duser.variant com.prog.evilian.desktop.DesktopLauncher

Host: Intel(R) Core(TM) i3-7020U CPU @ 2.30GHz, 
[timeout occurred during error reporting in step "printing summary machine and OS info"] after 30 s.
Time: Sat Oct 10 16:32:35 2020 CEST elapsed time: 97 seconds (0d 0h 1m 37s)

---------------  T H R E A D  ---------------

Current thread (0x00007f8788019000):  JavaThread "main" [_thread_in_native, id=3684, stack(0x00007f878ceb7000,0x00007f878cfb8000)]

Stack: [0x00007f878ceb7000,0x00007f878cfb8000],  sp=0x00007f878cfb5c60,  free space=1019k
Native frames: (J=compiled Java code, A=aot compiled Java code, j=interpreted, Vv=VM code, C=native code)
C  [libc.so.6+0x8a7b6]
------ Timeout during error reporting after 120 s. ------
